<?xml version="1.0" encoding="UTF-8"?>
<!-- Generated by org.testng.reporters.JUnitReportReporter -->
<testsuite hostname="DESKTOP-394PVMG" failures="0" tests="5" name="com.lbrce.devops.UserValidationTest" time="0.032" errors="0" timestamp="2023-11-07T13:50:55 IST" skipped="0">
  <testcase classname="com.lbrce.devops.UserValidationTest" name="testCase1" time="0.027"/>
  <testcase classname="com.lbrce.devops.UserValidationTest" name="testCase5" time="0.002"/>
  <testcase classname="com.lbrce.devops.UserValidationTest" name="testCase2" time="0.000"/>
  <testcase classname="com.lbrce.devops.UserValidationTest" name="testCase4" time="0.002"/>
  <testcase classname="com.lbrce.devops.UserValidationTest" name="testCase3" time="0.001"/>
</testsuite> <!-- com.lbrce.devops.UserValidationTest -->
